This is pdfTeX, Version 3.141592653-2.6-1.40.22 (TeX Live 2021) (preloaded format=pdflatex 2022.1.27)  12 FEB 2023 12:42
entering extended mode
 restricted \write18 enabled.
 %&-line parsing enabled.
**2023FEB12_Adams-Timon_hw2_sp2023Rmd.tex
(./2023FEB12_Adams-Timon_hw2_sp2023Rmd.tex
LaTeX2e <2020-10-01> patch level 4
L3 programming layer <2021-02-18> (/usr/local/texlive/2021/texmf-dist/tex/latex
/base/article.cls
Document Class: article 2020/04/10 v1.4m Standard LaTeX document class
(/usr/local/texlive/2021/texmf-dist/tex/latex/base/size10.clo
File: size10.clo 2020/04/10 v1.4m Standard LaTeX file (size option)
)
\c@part=\count179
\c@section=\count180
\c@subsection=\count181
\c@subsubsection=\count182
\c@paragraph=\count183
\c@subparagraph=\count184
\c@figure=\count185
\c@table=\count186
\abovecaptionskip=\skip47
\belowcaptionskip=\skip48
\bibindent=\dimen138
) (/usr/local/texlive/2021/texmf-dist/tex/latex/amsmath/amsmath.sty
Package: amsmath 2020/09/23 v2.17i AMS math features
\@mathmargin=\skip49
For additional information on amsmath, use the `?' option.
(/usr/local/texlive/2021/texmf-dist/tex/latex/amsmath/amstext.sty
Package: amstext 2000/06/29 v2.01 AMS text
(/usr/local/texlive/2021/texmf-dist/tex/latex/amsmath/amsgen.sty
File: amsgen.sty 1999/11/30 v2.0 generic functions
\@emptytoks=\toks15
\ex@=\dimen139
)) (/usr/local/texlive/2021/texmf-dist/tex/latex/amsmath/amsbsy.sty
Package: amsbsy 1999/11/29 v1.2d Bold Symbols
\pmbraise@=\dimen140
) (/usr/local/texlive/2021/texmf-dist/tex/latex/amsmath/amsopn.sty
Package: amsopn 2016/03/08 v2.02 operator names
)
\inf@bad=\count187
LaTeX Info: Redefining \frac on input line 234.
\uproot@=\count188
\leftroot@=\count189
LaTeX Info: Redefining \overline on input line 399.
\classnum@=\count190
\DOTSCASE@=\count191
LaTeX Info: Redefining \ldots on input line 496.
LaTeX Info: Redefining \dots on input line 499.
LaTeX Info: Redefining \cdots on input line 620.
\Mathstrutbox@=\box47
\strutbox@=\box48
\big@size=\dimen141
LaTeX Font Info:    Redeclaring font encoding OML on input line 743.
LaTeX Font Info:    Redeclaring font encoding OMS on input line 744.
\macc@depth=\count192
\c@MaxMatrixCols=\count193
\dotsspace@=\muskip16
\c@parentequation=\count194
\dspbrk@lvl=\count195
\tag@help=\toks16
\row@=\count196
\column@=\count197
\maxfields@=\count198
\andhelp@=\toks17
\eqnshift@=\dimen142
\alignsep@=\dimen143
\tagshift@=\dimen144
\tagwidth@=\dimen145
\totwidth@=\dimen146
\lineht@=\dimen147
\@envbody=\toks18
\multlinegap=\skip50
\multlinetaggap=\skip51
\mathdisplay@stack=\toks19
LaTeX Info: Redefining \[ on input line 2923.
LaTeX Info: Redefining \] on input line 2924.
) (/usr/local/texlive/2021/texmf-dist/tex/latex/amsfonts/amssymb.sty
Package: amssymb 2013/01/14 v3.01 AMS font symbols
(/usr/local/texlive/2021/texmf-dist/tex/latex/amsfonts/amsfonts.sty
Package: amsfonts 2013/01/14 v3.01 Basic AMSFonts support
\symAMSa=\mathgroup4
\symAMSb=\mathgroup5
LaTeX Font Info:    Redeclaring math symbol \hbar on input line 98.
LaTeX Font Info:    Overwriting math alphabet `\mathfrak' in version `bold'
(Font)                  U/euf/m/n --> U/euf/b/n on input line 106.
)) (/usr/local/texlive/2021/texmf-dist/tex/latex/lm/lmodern.sty
Package: lmodern 2015/05/01 v1.6.1 Latin Modern Fonts
LaTeX Font Info:    Overwriting symbol font `operators' in version `normal'
(Font)                  OT1/cmr/m/n --> OT1/lmr/m/n on input line 22.
LaTeX Font Info:    Overwriting symbol font `letters' in version `normal'
(Font)                  OML/cmm/m/it --> OML/lmm/m/it on input line 23.
LaTeX Font Info:    Overwriting symbol font `symbols' in version `normal'
(Font)                  OMS/cmsy/m/n --> OMS/lmsy/m/n on input line 24.
LaTeX Font Info:    Overwriting symbol font `largesymbols' in version `normal'
(Font)                  OMX/cmex/m/n --> OMX/lmex/m/n on input line 25.
LaTeX Font Info:    Overwriting symbol font `operators' in version `bold'
(Font)                  OT1/cmr/bx/n --> OT1/lmr/bx/n on input line 26.
LaTeX Font Info:    Overwriting symbol font `letters' in version `bold'
(Font)                  OML/cmm/b/it --> OML/lmm/b/it on input line 27.
LaTeX Font Info:    Overwriting symbol font `symbols' in version `bold'
(Font)                  OMS/cmsy/b/n --> OMS/lmsy/b/n on input line 28.
LaTeX Font Info:    Overwriting symbol font `largesymbols' in version `bold'
(Font)                  OMX/cmex/m/n --> OMX/lmex/m/n on input line 29.
LaTeX Font Info:    Overwriting math alphabet `\mathbf' in version `normal'
(Font)                  OT1/cmr/bx/n --> OT1/lmr/bx/n on input line 31.
LaTeX Font Info:    Overwriting math alphabet `\mathsf' in version `normal'
(Font)                  OT1/cmss/m/n --> OT1/lmss/m/n on input line 32.
LaTeX Font Info:    Overwriting math alphabet `\mathit' in version `normal'
(Font)                  OT1/cmr/m/it --> OT1/lmr/m/it on input line 33.
LaTeX Font Info:    Overwriting math alphabet `\mathtt' in version `normal'
(Font)                  OT1/cmtt/m/n --> OT1/lmtt/m/n on input line 34.
LaTeX Font Info:    Overwriting math alphabet `\mathbf' in version `bold'
(Font)                  OT1/cmr/bx/n --> OT1/lmr/bx/n on input line 35.
LaTeX Font Info:    Overwriting math alphabet `\mathsf' in version `bold'
(Font)                  OT1/cmss/bx/n --> OT1/lmss/bx/n on input line 36.
LaTeX Font Info:    Overwriting math alphabet `\mathit' in version `bold'
(Font)                  OT1/cmr/bx/it --> OT1/lmr/bx/it on input line 37.
LaTeX Font Info:    Overwriting math alphabet `\mathtt' in version `bold'
(Font)                  OT1/cmtt/m/n --> OT1/lmtt/m/n on input line 38.
) (/usr/local/texlive/2021/texmf-dist/tex/generic/iftex/iftex.sty
Package: iftex 2020/03/06 v1.0d TeX engine tests
) (/usr/local/texlive/2021/texmf-dist/tex/latex/base/fontenc.sty
Package: fontenc 2020/08/10 v2.0s Standard LaTeX package
LaTeX Font Info:    Trying to load font information for T1+lmr on input line 11
2.
(/usr/local/texlive/2021/texmf-dist/tex/latex/lm/t1lmr.fd
File: t1lmr.fd 2015/05/01 v1.6.1 Font defs for Latin Modern
)) (/usr/local/texlive/2021/texmf-dist/tex/latex/base/inputenc.sty
Package: inputenc 2020/08/01 v1.3d Input encoding file
\inpenc@prehook=\toks20
\inpenc@posthook=\toks21
) (/usr/local/texlive/2021/texmf-dist/tex/latex/base/textcomp.sty
Package: textcomp 2020/02/02 v2.0n Standard LaTeX package
) (/usr/local/texlive/2021/texmf-dist/tex/latex/upquote/upquote.sty
Package: upquote 2012/04/19 v1.3 upright-quote and grave-accent glyphs in verba
tim
) (/usr/local/texlive/2021/texmf-dist/tex/latex/microtype/microtype.sty
Package: microtype 2021/03/14 v2.8c Micro-typographical refinements (RS)
(/usr/local/texlive/2021/texmf-dist/tex/latex/graphics/keyval.sty
Package: keyval 2014/10/28 v1.15 key=value parser (DPC)
\KV@toks@=\toks22
)
\MT@toks=\toks23
\MT@count=\count199
LaTeX Info: Redefining \textls on input line 790.
\MT@outer@kern=\dimen148
LaTeX Info: Redefining \textmicrotypecontext on input line 1374.
\MT@listname@count=\count266
(/usr/local/texlive/2021/texmf-dist/tex/latex/microtype/microtype-pdftex.def
File: microtype-pdftex.def 2021/03/14 v2.8c Definitions specific to pdftex (RS)

LaTeX Info: Redefining \lsstyle on input line 915.
LaTeX Info: Redefining \lslig on input line 915.
\MT@outer@space=\skip52
)
Package microtype Info: Loading configuration file microtype.cfg.
(/usr/local/texlive/2021/texmf-dist/tex/latex/microtype/microtype.cfg
File: microtype.cfg 2021/03/14 v2.8c microtype main configuration file (RS)
)) (/usr/local/texlive/2021/texmf-dist/tex/latex/parskip/parskip.sty
Package: parskip 2021-03-14 v2.0h non-zero parskip adjustments
(/usr/local/texlive/2021/texmf-dist/tex/latex/kvoptions/kvoptions.sty
Package: kvoptions 2020-10-07 v3.14 Key value format for package options (HO)
(/usr/local/texlive/2021/texmf-dist/tex/generic/ltxcmds/ltxcmds.sty
Package: ltxcmds 2020-05-10 v1.25 LaTeX kernel commands for general use (HO)
) (/usr/local/texlive/2021/texmf-dist/tex/generic/kvsetkeys/kvsetkeys.sty
Package: kvsetkeys 2019/12/15 v1.18 Key value parser (HO)
)) (/usr/local/texlive/2021/texmf-dist/tex/latex/etoolbox/etoolbox.sty
Package: etoolbox 2020/10/05 v2.5k e-TeX tools for LaTeX (JAW)
\etb@tempcnta=\count267
)) (/usr/local/texlive/2021/texmf-dist/tex/latex/xcolor/xcolor.sty
Package: xcolor 2016/05/11 v2.12 LaTeX color extensions (UK)
(/usr/local/texlive/2021/texmf-dist/tex/latex/graphics-cfg/color.cfg
File: color.cfg 2016/01/02 v1.6 sample color configuration
)
Package xcolor Info: Driver file: pdftex.def on input line 225.
(/usr/local/texlive/2021/texmf-dist/tex/latex/graphics-def/pdftex.def
File: pdftex.def 2020/10/05 v1.2a Graphics/color driver for pdftex
)
Package xcolor Info: Model `cmy' substituted by `cmy0' on input line 1348.
Package xcolor Info: Model `hsb' substituted by `rgb' on input line 1352.
Package xcolor Info: Model `RGB' extended on input line 1364.
Package xcolor Info: Model `HTML' substituted by `rgb' on input line 1366.
Package xcolor Info: Model `Hsb' substituted by `hsb' on input line 1367.
Package xcolor Info: Model `tHsb' substituted by `hsb' on input line 1368.
Package xcolor Info: Model `HSB' substituted by `hsb' on input line 1369.
Package xcolor Info: Model `Gray' substituted by `gray' on input line 1370.
Package xcolor Info: Model `wave' substituted by `hsb' on input line 1371.
(/usr/local/texlive/2021/texmf-dist/tex/latex/graphics/dvipsnam.def
File: dvipsnam.def 2016/06/17 v3.0m Driver-dependent file (DPC,SPQR)
) (/usr/local/texlive/2021/texmf-dist/tex/latex/xcolor/svgnam.def
File: svgnam.def 2016/05/11 v2.12 Predefined colors according to SVG 1.1 (UK)
) (/usr/local/texlive/2021/texmf-dist/tex/latex/xcolor/x11nam.def
File: x11nam.def 2016/05/11 v2.12 Predefined colors according to Unix/X11 (UK)
)) (/usr/local/texlive/2021/texmf-dist/tex/latex/geometry/geometry.sty
Package: geometry 2020/01/02 v5.9 Page Geometry
(/usr/local/texlive/2021/texmf-dist/tex/generic/iftex/ifvtex.sty
Package: ifvtex 2019/10/25 v1.7 ifvtex legacy package. Use iftex instead.
)
\Gm@cnth=\count268
\Gm@cntv=\count269
\c@Gm@tempcnt=\count270
\Gm@bindingoffset=\dimen149
\Gm@wd@mp=\dimen150
\Gm@odd@mp=\dimen151
\Gm@even@mp=\dimen152
\Gm@layoutwidth=\dimen153
\Gm@layoutheight=\dimen154
\Gm@layouthoffset=\dimen155
\Gm@layoutvoffset=\dimen156
\Gm@dimlist=\toks24
) (/usr/local/texlive/2021/texmf-dist/tex/latex/fancyvrb/fancyvrb.sty
Package: fancyvrb 2021/01/20 v3.7 verbatim text (tvz,hv)
\FV@CodeLineNo=\count271
\FV@InFile=\read2
\FV@TabBox=\box49
\c@FancyVerbLine=\count272
\FV@StepNumber=\count273
\FV@OutFile=\write3
) (/usr/local/texlive/2021/texmf-dist/tex/latex/framed/framed.sty
Package: framed 2011/10/22 v 0.96: framed or shaded text with page breaks
\OuterFrameSep=\skip53
\fb@frw=\dimen157
\fb@frh=\dimen158
\FrameRule=\dimen159
\FrameSep=\dimen160
) (/usr/local/texlive/2021/texmf-dist/tex/latex/tools/longtable.sty
Package: longtable 2020/01/07 v4.13 Multi-page Table package (DPC)
\LTleft=\skip54
\LTright=\skip55
\LTpre=\skip56
\LTpost=\skip57
\LTchunksize=\count274
\LTcapwidth=\dimen161
\LT@head=\box50
\LT@firsthead=\box51
\LT@foot=\box52
\LT@lastfoot=\box53
\LT@cols=\count275
\LT@rows=\count276
\c@LT@tables=\count277
\c@LT@chunks=\count278
\LT@p@ftn=\toks25
) (/usr/local/texlive/2021/texmf-dist/tex/latex/booktabs/booktabs.sty
Package: booktabs 2020/01/12 v1.61803398 Publication quality tables
\heavyrulewidth=\dimen162
\lightrulewidth=\dimen163
\cmidrulewidth=\dimen164
\belowrulesep=\dimen165
\belowbottomsep=\dimen166
\aboverulesep=\dimen167
\abovetopsep=\dimen168
\cmidrulesep=\dimen169
\cmidrulekern=\dimen170
\defaultaddspace=\dimen171
\@cmidla=\count279
\@cmidlb=\count280
\@aboverulesep=\dimen172
\@belowrulesep=\dimen173
\@thisruleclass=\count281
\@lastruleclass=\count282
\@thisrulewidth=\dimen174
) (/usr/local/texlive/2021/texmf-dist/tex/latex/tools/array.sty
Package: array 2020/10/01 v2.5c Tabular extension package (FMi)
\col@sep=\dimen175
\ar@mcellbox=\box54
\extrarowheight=\dimen176
\NC@list=\toks26
\extratabsurround=\skip58
\backup@length=\skip59
\ar@cellbox=\box55
) (/usr/local/texlive/2021/texmf-dist/tex/latex/tools/calc.sty
Package: calc 2017/05/25 v4.3 Infix arithmetic (KKT,FJ)
\calc@Acount=\count283
\calc@Bcount=\count284
\calc@Adimen=\dimen177
\calc@Bdimen=\dimen178
\calc@Askip=\skip60
\calc@Bskip=\skip61
LaTeX Info: Redefining \setlength on input line 80.
LaTeX Info: Redefining \addtolength on input line 81.
\calc@Ccount=\count285
\calc@Cskip=\skip62
) (/usr/local/texlive/2021/texmf-dist/tex/latex/footnotehyper/footnotehyper.sty
Package: footnotehyper 2021/02/04 v1.1d hyperref aware footnote.sty (JFB)
\FNH@notes=\box56
\FNH@width=\dimen179
\FNH@toks=\toks27
) (/usr/local/texlive/2021/texmf-dist/tex/latex/graphics/graphicx.sty
Package: graphicx 2020/09/09 v1.2b Enhanced LaTeX Graphics (DPC,SPQR)
(/usr/local/texlive/2021/texmf-dist/tex/latex/graphics/graphics.sty
Package: graphics 2020/08/30 v1.4c Standard LaTeX Graphics (DPC,SPQR)
(/usr/local/texlive/2021/texmf-dist/tex/latex/graphics/trig.sty
Package: trig 2016/01/03 v1.10 sin cos tan (DPC)
) (/usr/local/texlive/2021/texmf-dist/tex/latex/graphics-cfg/graphics.cfg
File: graphics.cfg 2016/06/04 v1.11 sample graphics configuration
)
Package graphics Info: Driver file: pdftex.def on input line 105.
)
\Gin@req@height=\dimen180
\Gin@req@width=\dimen181
) (/usr/local/texlive/2021/texmf-dist/tex/latex/tools/dcolumn.sty
Package: dcolumn 2014/10/28 v1.06 decimal alignment package (DPC)
) (/usr/local/texlive/2021/texmf-dist/tex/latex/bookmark/bookmark.sty
Package: bookmark 2020-11-06 v1.29 PDF bookmarks (HO)
(/usr/local/texlive/2021/texmf-dist/tex/latex/hyperref/hyperref.sty
Package: hyperref 2021-02-27 v7.00k Hypertext links for LaTeX
(/usr/local/texlive/2021/texmf-dist/tex/generic/pdftexcmds/pdftexcmds.sty
Package: pdftexcmds 2020-06-27 v0.33 Utility functions of pdfTeX for LuaTeX (HO
)
(/usr/local/texlive/2021/texmf-dist/tex/generic/infwarerr/infwarerr.sty
Package: infwarerr 2019/12/03 v1.5 Providing info/warning/error messages (HO)
)
Package pdftexcmds Info: \pdf@primitive is available.
Package pdftexcmds Info: \pdf@ifprimitive is available.
Package pdftexcmds Info: \pdfdraftmode found.
) (/usr/local/texlive/2021/texmf-dist/tex/generic/kvdefinekeys/kvdefinekeys.sty
Package: kvdefinekeys 2019-12-19 v1.6 Define keys (HO)
) (/usr/local/texlive/2021/texmf-dist/tex/generic/pdfescape/pdfescape.sty
Package: pdfescape 2019/12/09 v1.15 Implements pdfTeX's escape features (HO)
) (/usr/local/texlive/2021/texmf-dist/tex/latex/hycolor/hycolor.sty
Package: hycolor 2020-01-27 v1.10 Color options for hyperref/bookmark (HO)
) (/usr/local/texlive/2021/texmf-dist/tex/latex/letltxmacro/letltxmacro.sty
Package: letltxmacro 2019/12/03 v1.6 Let assignment for LaTeX macros (HO)
) (/usr/local/texlive/2021/texmf-dist/tex/latex/auxhook/auxhook.sty
Package: auxhook 2019-12-17 v1.6 Hooks for auxiliary files (HO)
)
\@linkdim=\dimen182
\Hy@linkcounter=\count286
\Hy@pagecounter=\count287
(/usr/local/texlive/2021/texmf-dist/tex/latex/hyperref/pd1enc.def
File: pd1enc.def 2021-02-27 v7.00k Hyperref: PDFDocEncoding definition (HO)
Now handling font encoding PD1 ...
... no UTF-8 mapping file for font encoding PD1
)
(/usr/local/texlive/2021/texmf-dist/tex/latex/hyperref/hyperref-langpatches.def
File: hyperref-langpatches.def 2021-02-27 v7.00k Hyperref: patches for babel la
nguages
) (/usr/local/texlive/2021/texmf-dist/tex/generic/intcalc/intcalc.sty
Package: intcalc 2019/12/15 v1.3 Expandable calculations with integers (HO)
) (/usr/local/texlive/2021/texmf-dist/tex/generic/etexcmds/etexcmds.sty
Package: etexcmds 2019/12/15 v1.7 Avoid name clashes with e-TeX commands (HO)
)
\Hy@SavedSpaceFactor=\count288
(/usr/local/texlive/2021/texmf-dist/tex/latex/hyperref/puenc.def
File: puenc.def 2021-02-27 v7.00k Hyperref: PDF Unicode definition (HO)
Now handling font encoding PU ...
... no UTF-8 mapping file for font encoding PU
)
Package hyperref Info: Option `unicode' set `true' on input line 4073.
Package hyperref Info: Hyper figures OFF on input line 4192.
Package hyperref Info: Link nesting OFF on input line 4197.
Package hyperref Info: Hyper index ON on input line 4200.
Package hyperref Info: Plain pages OFF on input line 4207.
Package hyperref Info: Backreferencing OFF on input line 4212.
Package hyperref Info: Implicit mode ON; LaTeX internals redefined.
Package hyperref Info: Bookmarks ON on input line 4445.
\c@Hy@tempcnt=\count289
(/usr/local/texlive/2021/texmf-dist/tex/latex/url/url.sty
\Urlmuskip=\muskip17
Package: url 2013/09/16  ver 3.4  Verb mode for urls, etc.
)
LaTeX Info: Redefining \url on input line 4804.
\XeTeXLinkMargin=\dimen183
(/usr/local/texlive/2021/texmf-dist/tex/generic/bitset/bitset.sty
Package: bitset 2019/12/09 v1.3 Handle bit-vector datatype (HO)
(/usr/local/texlive/2021/texmf-dist/tex/generic/bigintcalc/bigintcalc.sty
Package: bigintcalc 2019/12/15 v1.5 Expandable calculations on big integers (HO
)
))
\Fld@menulength=\count290
\Field@Width=\dimen184
\Fld@charsize=\dimen185
Package hyperref Info: Hyper figures OFF on input line 6075.
Package hyperref Info: Link nesting OFF on input line 6080.
Package hyperref Info: Hyper index ON on input line 6083.
Package hyperref Info: backreferencing OFF on input line 6090.
Package hyperref Info: Link coloring OFF on input line 6095.
Package hyperref Info: Link coloring with OCG OFF on input line 6100.
Package hyperref Info: PDF/A mode OFF on input line 6105.
LaTeX Info: Redefining \ref on input line 6145.
LaTeX Info: Redefining \pageref on input line 6149.
(/usr/local/texlive/2021/texmf-dist/tex/latex/base/atbegshi-ltx.sty
Package: atbegshi-ltx 2020/08/17 v1.0a Emulation of the original atbegshi packa
ge
with kernel methods
)
\Hy@abspage=\count291
\c@Item=\count292
\c@Hfootnote=\count293
)
Package hyperref Info: Driver (autodetected): hpdftex.
(/usr/local/texlive/2021/texmf-dist/tex/latex/hyperref/hpdftex.def
File: hpdftex.def 2021-02-27 v7.00k Hyperref driver for pdfTeX
(/usr/local/texlive/2021/texmf-dist/tex/latex/base/atveryend-ltx.sty
Package: atveryend-ltx 2020/08/19 v1.0a Emulation of the original atvery packag
e
with kernel methods
)
\Fld@listcount=\count294
\c@bookmark@seq@number=\count295

(/usr/local/texlive/2021/texmf-dist/tex/latex/rerunfilecheck/rerunfilecheck.sty
Package: rerunfilecheck 2019/12/05 v1.9 Rerun checks for auxiliary files (HO)

(/usr/local/texlive/2021/texmf-dist/tex/generic/uniquecounter/uniquecounter.sty
Package: uniquecounter 2019/12/15 v1.4 Provide unlimited unique counter (HO)
)
Package uniquecounter Info: New unique counter `rerunfilecheck' on input line 2
86.
)
\Hy@SectionHShift=\skip63
) (/usr/local/texlive/2021/texmf-dist/tex/latex/bookmark/bkm-pdftex.def
File: bkm-pdftex.def 2020-11-06 v1.29 bookmark driver for pdfTeX (HO)
\BKM@id=\count296
)) (/usr/local/texlive/2021/texmf-dist/tex/latex/xurl/xurl.sty
Package: xurl 2020/12/30 v 0.09a modify URL breaks
)
Package hyperref Info: Option `colorlinks' set `true' on input line 120.
(/usr/local/texlive/2021/texmf-dist/tex/latex/l3backend/l3backend-pdftex.def
File: l3backend-pdftex.def 2021-03-18 L3 backend support: PDF output (pdfTeX)
\l__color_backend_stack_int=\count297
\l__pdf_internal_box=\box57
) (./2023FEB12_Adams-Timon_hw2_sp2023Rmd.aux

LaTeX Warning: Label `' multiply defined.


LaTeX Warning: Label `' multiply defined.

)
\openout1 = `2023FEB12_Adams-Timon_hw2_sp2023Rmd.aux'.

LaTeX Font Info:    Checking defaults for OML/cmm/m/it on input line 126.
LaTeX Font Info:    ... okay on input line 126.
LaTeX Font Info:    Checking defaults for OMS/cmsy/m/n on input line 126.
LaTeX Font Info:    ... okay on input line 126.
LaTeX Font Info:    Checking defaults for OT1/cmr/m/n on input line 126.
LaTeX Font Info:    ... okay on input line 126.
LaTeX Font Info:    Checking defaults for T1/cmr/m/n on input line 126.
LaTeX Font Info:    ... okay on input line 126.
LaTeX Font Info:    Checking defaults for TS1/cmr/m/n on input line 126.
LaTeX Font Info:    ... okay on input line 126.
LaTeX Font Info:    Checking defaults for OMX/cmex/m/n on input line 126.
LaTeX Font Info:    ... okay on input line 126.
LaTeX Font Info:    Checking defaults for U/cmr/m/n on input line 126.
LaTeX Font Info:    ... okay on input line 126.
LaTeX Font Info:    Checking defaults for PD1/pdf/m/n on input line 126.
LaTeX Font Info:    ... okay on input line 126.
LaTeX Font Info:    Checking defaults for PU/pdf/m/n on input line 126.
LaTeX Font Info:    ... okay on input line 126.
LaTeX Info: Redefining \microtypecontext on input line 126.
Package microtype Info: Generating PDF output.
Package microtype Info: Character protrusion enabled (level 2).
Package microtype Info: Using protrusion set `basicmath'.
Package microtype Info: Automatic font expansion enabled (level 2),
(microtype)             stretch: 20, shrink: 20, step: 1, non-selected.
Package microtype Info: Using default expansion set `alltext-nott'.
LaTeX Info: Redefining \showhyphens on input line 126.
Package microtype Info: No adjustment of tracking.
Package microtype Info: No adjustment of interword spacing.
Package microtype Info: No adjustment of character kerning.
(/usr/local/texlive/2021/texmf-dist/tex/latex/microtype/mt-cmr.cfg
File: mt-cmr.cfg 2013/05/19 v2.2 microtype config. file: Computer Modern Roman 
(RS)
) (/usr/local/texlive/2021/texmf-dist/tex/context/base/mkii/supp-pdf.mkii
[Loading MPS to PDF converter (version 2006.09.02).]
\scratchcounter=\count298
\scratchdimen=\dimen186
\scratchbox=\box58
\nofMPsegments=\count299
\nofMParguments=\count300
\everyMPshowfont=\toks28
\MPscratchCnt=\count301
\MPscratchDim=\dimen187
\MPnumerator=\count302
\makeMPintoPDFobject=\count303
\everyMPtoPDFconversion=\toks29
) (/usr/local/texlive/2021/texmf-dist/tex/latex/epstopdf-pkg/epstopdf-base.sty
Package: epstopdf-base 2020-01-24 v2.11 Base part for package epstopdf
Package epstopdf-base Info: Redefining graphics rule for `.eps' on input line 4
85.
(/usr/local/texlive/2021/texmf-dist/tex/latex/latexconfig/epstopdf-sys.cfg
File: epstopdf-sys.cfg 2010/07/13 v1.3 Configuration of (r)epstopdf for TeX Liv
e
))
*geometry* driver: auto-detecting
*geometry* detected driver: pdftex
*geometry* verbose mode - [ preamble ] result:
* driver: pdftex
* paper: <default>
* layout: <same size as paper>
* layoutoffset:(h,v)=(0.0pt,0.0pt)
* modes: 
* h-part:(L,W,R)=(72.26999pt, 469.75502pt, 72.26999pt)
* v-part:(T,H,B)=(72.26999pt, 650.43001pt, 72.26999pt)
* \paperwidth=614.295pt
* \paperheight=794.96999pt
* \textwidth=469.75502pt
* \textheight=650.43001pt
* \oddsidemargin=0.0pt
* \evensidemargin=0.0pt
* \topmargin=-37.0pt
* \headheight=12.0pt
* \headsep=25.0pt
* \topskip=10.0pt
* \footskip=30.0pt
* \marginparwidth=65.0pt
* \marginparsep=11.0pt
* \columnsep=10.0pt
* \skip\footins=9.0pt plus 4.0pt minus 2.0pt
* \hoffset=0.0pt
* \voffset=0.0pt
* \mag=1000
* \@twocolumnfalse
* \@twosidefalse
* \@mparswitchfalse
* \@reversemarginfalse
* (1in=72.27pt=25.4mm, 1cm=28.453pt)

Package hyperref Info: Link coloring ON on input line 126.
(/usr/local/texlive/2021/texmf-dist/tex/latex/hyperref/nameref.sty
Package: nameref 2021-04-02 v2.47 Cross-referencing by name of section
(/usr/local/texlive/2021/texmf-dist/tex/latex/refcount/refcount.sty
Package: refcount 2019/12/15 v3.6 Data extraction from label references (HO)
)
(/usr/local/texlive/2021/texmf-dist/tex/generic/gettitlestring/gettitlestring.s
ty
Package: gettitlestring 2019/12/15 v1.6 Cleanup title references (HO)
)
\c@section@level=\count304
)
LaTeX Info: Redefining \ref on input line 126.
LaTeX Info: Redefining \pageref on input line 126.
LaTeX Info: Redefining \nameref on input line 126.
LaTeX Font Info:    Trying to load font information for OT1+lmr on input line 1
28.
(/usr/local/texlive/2021/texmf-dist/tex/latex/lm/ot1lmr.fd
File: ot1lmr.fd 2015/05/01 v1.6.1 Font defs for Latin Modern
)
LaTeX Font Info:    Trying to load font information for OML+lmm on input line 1
28.
(/usr/local/texlive/2021/texmf-dist/tex/latex/lm/omllmm.fd
File: omllmm.fd 2015/05/01 v1.6.1 Font defs for Latin Modern
)
LaTeX Font Info:    Trying to load font information for OMS+lmsy on input line 
128.
(/usr/local/texlive/2021/texmf-dist/tex/latex/lm/omslmsy.fd
File: omslmsy.fd 2015/05/01 v1.6.1 Font defs for Latin Modern
)
LaTeX Font Info:    Trying to load font information for OMX+lmex on input line 
128.
(/usr/local/texlive/2021/texmf-dist/tex/latex/lm/omxlmex.fd
File: omxlmex.fd 2015/05/01 v1.6.1 Font defs for Latin Modern
)
LaTeX Font Info:    External font `lmex10' loaded for size
(Font)              <12> on input line 128.
LaTeX Font Info:    External font `lmex10' loaded for size
(Font)              <8> on input line 128.
LaTeX Font Info:    External font `lmex10' loaded for size
(Font)              <6> on input line 128.
LaTeX Font Info:    Trying to load font information for U+msa on input line 128
.
(/usr/local/texlive/2021/texmf-dist/tex/latex/amsfonts/umsa.fd
File: umsa.fd 2013/01/14 v3.01 AMS symbols A
) (/usr/local/texlive/2021/texmf-dist/tex/latex/microtype/mt-msa.cfg
File: mt-msa.cfg 2006/02/04 v1.1 microtype config. file: AMS symbols (a) (RS)
)
LaTeX Font Info:    Trying to load font information for U+msb on input line 128
.
(/usr/local/texlive/2021/texmf-dist/tex/latex/amsfonts/umsb.fd
File: umsb.fd 2013/01/14 v3.01 AMS symbols B
) (/usr/local/texlive/2021/texmf-dist/tex/latex/microtype/mt-msb.cfg
File: mt-msb.cfg 2005/06/01 v1.0 microtype config. file: AMS symbols (b) (RS)
) (./2023FEB12_Adams-Timon_hw2_sp2023Rmd.toc
LaTeX Font Info:    External font `lmex10' loaded for size
(Font)              <10> on input line 3.
LaTeX Font Info:    External font `lmex10' loaded for size
(Font)              <7> on input line 3.
LaTeX Font Info:    External font `lmex10' loaded for size
(Font)              <5> on input line 3.
LaTeX Font Info:    Trying to load font information for T1+lmtt on input line 1
6.
(/usr/local/texlive/2021/texmf-dist/tex/latex/lm/t1lmtt.fd
File: t1lmtt.fd 2015/05/01 v1.6.1 Font defs for Latin Modern
))
\tf@toc=\write4
\openout4 = `2023FEB12_Adams-Timon_hw2_sp2023Rmd.toc'.

[1

{/usr/local/texlive/2021/texmf-var/fonts/map/pdftex/updmap/pdftex.map}]
LaTeX Font Info:    Trying to load font information for TS1+lmr on input line 1
72.
(/usr/local/texlive/2021/texmf-dist/tex/latex/lm/ts1lmr.fd
File: ts1lmr.fd 2015/05/01 v1.6.1 Font defs for Latin Modern
) [2] [3]
LaTeX Font Info:    Trying to load font information for TS1+lmtt on input line 
355.
(/usr/local/texlive/2021/texmf-dist/tex/latex/lm/ts1lmtt.fd
File: ts1lmtt.fd 2015/05/01 v1.6.1 Font defs for Latin Modern
)
<2023FEB12_Adams-Timon_hw2_sp2023Rmd_files/figure-latex/gender pie chart-1.pdf,
 id=82, 316.18124pt x 232.87pt>
File: 2023FEB12_Adams-Timon_hw2_sp2023Rmd_files/figure-latex/gender pie chart-1
.pdf Graphic file (type pdf)
<use 2023FEB12_Adams-Timon_hw2_sp2023Rmd_files/figure-latex/gender pie chart-1.
pdf>
Package pdftex.def Info: 2023FEB12_Adams-Timon_hw2_sp2023Rmd_files/figure-latex
/gender pie chart-1.pdf  used on input line 386.
(pdftex.def)             Requested size: 316.19011pt x 232.87651pt.
[4 <./2023FEB12_Adams-Timon_hw2_sp2023Rmd_files/figure-latex/gender pie chart-1
.pdf>]
<2023FEB12_Adams-Timon_hw2_sp2023Rmd_files/figure-latex/education histogram-1.p
df, id=98, 568.1225pt x 280.04625pt>
File: 2023FEB12_Adams-Timon_hw2_sp2023Rmd_files/figure-latex/education histogra
m-1.pdf Graphic file (type pdf)
<use 2023FEB12_Adams-Timon_hw2_sp2023Rmd_files/figure-latex/education histogram
-1.pdf>
Package pdftex.def Info: 2023FEB12_Adams-Timon_hw2_sp2023Rmd_files/figure-latex
/education histogram-1.pdf  used on input line 410.
(pdftex.def)             Requested size: 469.7731pt x 231.56659pt.
<2023FEB12_Adams-Timon_hw2_sp2023Rmd_files/figure-latex/barplot of 2005 jobs-1.
pdf, id=99, 505.89pt x 289.08pt>
File: 2023FEB12_Adams-Timon_hw2_sp2023Rmd_files/figure-latex/barplot of 2005 jo
bs-1.pdf Graphic file (type pdf)
<use 2023FEB12_Adams-Timon_hw2_sp2023Rmd_files/figure-latex/barplot of 2005 job
s-1.pdf>
Package pdftex.def Info: 2023FEB12_Adams-Timon_hw2_sp2023Rmd_files/figure-latex
/barplot of 2005 jobs-1.pdf  used on input line 426.
(pdftex.def)             Requested size: 469.76265pt x 268.43579pt.
[5 <./2023FEB12_Adams-Timon_hw2_sp2023Rmd_files/figure-latex/education histogra
m-1.pdf>]
<2023FEB12_Adams-Timon_hw2_sp2023Rmd_files/figure-latex/unnamed-chunk-4-1.pdf, 
id=112, 568.1225pt x 276.03125pt>
File: 2023FEB12_Adams-Timon_hw2_sp2023Rmd_files/figure-latex/unnamed-chunk-4-1.
pdf Graphic file (type pdf)
<use 2023FEB12_Adams-Timon_hw2_sp2023Rmd_files/figure-latex/unnamed-chunk-4-1.p
df>
Package pdftex.def Info: 2023FEB12_Adams-Timon_hw2_sp2023Rmd_files/figure-latex
/unnamed-chunk-4-1.pdf  used on input line 439.
(pdftex.def)             Requested size: 469.7731pt x 228.24664pt.
<2023FEB12_Adams-Timon_hw2_sp2023Rmd_files/figure-latex/unnamed-chunk-5-1.pdf, 
id=113, 562.1pt x 277.035pt>
File: 2023FEB12_Adams-Timon_hw2_sp2023Rmd_files/figure-latex/unnamed-chunk-5-1.
pdf Graphic file (type pdf)
<use 2023FEB12_Adams-Timon_hw2_sp2023Rmd_files/figure-latex/unnamed-chunk-5-1.p
df>
Package pdftex.def Info: 2023FEB12_Adams-Timon_hw2_sp2023Rmd_files/figure-latex
/unnamed-chunk-5-1.pdf  used on input line 451.
(pdftex.def)             Requested size: 469.75067pt x 231.51996pt.
[6 <./2023FEB12_Adams-Timon_hw2_sp2023Rmd_files/figure-latex/barplot of 2005 jo
bs-1.pdf> <./2023FEB12_Adams-Timon_hw2_sp2023Rmd_files/figure-latex/unnamed-chu
nk-4-1.pdf>]
<2023FEB12_Adams-Timon_hw2_sp2023Rmd_files/figure-latex/unnamed-chunk-6-1.pdf, 
id=132, 562.1pt x 277.035pt>
File: 2023FEB12_Adams-Timon_hw2_sp2023Rmd_files/figure-latex/unnamed-chunk-6-1.
pdf Graphic file (type pdf)
<use 2023FEB12_Adams-Timon_hw2_sp2023Rmd_files/figure-latex/unnamed-chunk-6-1.p
df>
Package pdftex.def Info: 2023FEB12_Adams-Timon_hw2_sp2023Rmd_files/figure-latex
/unnamed-chunk-6-1.pdf  used on input line 461.
(pdftex.def)             Requested size: 469.75067pt x 231.51996pt.
<2023FEB12_Adams-Timon_hw2_sp2023Rmd_files/figure-latex/unnamed-chunk-7-1.pdf, 
id=133, 562.1pt x 282.05376pt>
File: 2023FEB12_Adams-Timon_hw2_sp2023Rmd_files/figure-latex/unnamed-chunk-7-1.
pdf Graphic file (type pdf)
<use 2023FEB12_Adams-Timon_hw2_sp2023Rmd_files/figure-latex/unnamed-chunk-7-1.p
df>
Package pdftex.def Info: 2023FEB12_Adams-Timon_hw2_sp2023Rmd_files/figure-latex
/unnamed-chunk-7-1.pdf  used on input line 471.
(pdftex.def)             Requested size: 469.75067pt x 235.71416pt.
[7 <./2023FEB12_Adams-Timon_hw2_sp2023Rmd_files/figure-latex/unnamed-chunk-5-1.
pdf> <./2023FEB12_Adams-Timon_hw2_sp2023Rmd_files/figure-latex/unnamed-chunk-6-
1.pdf>]
<2023FEB12_Adams-Timon_hw2_sp2023Rmd_files/figure-latex/unnamed-chunk-8-1.pdf, 
id=162, 562.1pt x 262.9825pt>
File: 2023FEB12_Adams-Timon_hw2_sp2023Rmd_files/figure-latex/unnamed-chunk-8-1.
pdf Graphic file (type pdf)
<use 2023FEB12_Adams-Timon_hw2_sp2023Rmd_files/figure-latex/unnamed-chunk-8-1.p
df>
Package pdftex.def Info: 2023FEB12_Adams-Timon_hw2_sp2023Rmd_files/figure-latex
/unnamed-chunk-8-1.pdf  used on input line 487.
(pdftex.def)             Requested size: 469.75067pt x 219.77618pt.
[8 <./2023FEB12_Adams-Timon_hw2_sp2023Rmd_files/figure-latex/unnamed-chunk-7-1.
pdf> <./2023FEB12_Adams-Timon_hw2_sp2023Rmd_files/figure-latex/unnamed-chunk-8-
1.pdf>]
<2023FEB12_Adams-Timon_hw2_sp2023Rmd_files/figure-latex/unnamed-chunk-9-1.pdf, 
id=185, 562.1pt x 260.975pt>
File: 2023FEB12_Adams-Timon_hw2_sp2023Rmd_files/figure-latex/unnamed-chunk-9-1.
pdf Graphic file (type pdf)
<use 2023FEB12_Adams-Timon_hw2_sp2023Rmd_files/figure-latex/unnamed-chunk-9-1.p
df>
Package pdftex.def Info: 2023FEB12_Adams-Timon_hw2_sp2023Rmd_files/figure-latex
/unnamed-chunk-9-1.pdf  used on input line 502.
(pdftex.def)             Requested size: 469.75067pt x 218.09853pt.
<2023FEB12_Adams-Timon_hw2_sp2023Rmd_files/figure-latex/unnamed-chunk-10-1.pdf,
 id=186, 562.1pt x 260.975pt>
File: 2023FEB12_Adams-Timon_hw2_sp2023Rmd_files/figure-latex/unnamed-chunk-10-1
.pdf Graphic file (type pdf)
<use 2023FEB12_Adams-Timon_hw2_sp2023Rmd_files/figure-latex/unnamed-chunk-10-1.
pdf>
Package pdftex.def Info: 2023FEB12_Adams-Timon_hw2_sp2023Rmd_files/figure-latex
/unnamed-chunk-10-1.pdf  used on input line 518.
(pdftex.def)             Requested size: 469.75067pt x 218.09853pt.
[9 <./2023FEB12_Adams-Timon_hw2_sp2023Rmd_files/figure-latex/unnamed-chunk-9-1.
pdf> <./2023FEB12_Adams-Timon_hw2_sp2023Rmd_files/figure-latex/unnamed-chunk-10
-1.pdf>]
<2023FEB12_Adams-Timon_hw2_sp2023Rmd_files/figure-latex/unnamed-chunk-11-1.pdf,
 id=205, 562.1pt x 260.975pt>
File: 2023FEB12_Adams-Timon_hw2_sp2023Rmd_files/figure-latex/unnamed-chunk-11-1
.pdf Graphic file (type pdf)
<use 2023FEB12_Adams-Timon_hw2_sp2023Rmd_files/figure-latex/unnamed-chunk-11-1.
pdf>
Package pdftex.def Info: 2023FEB12_Adams-Timon_hw2_sp2023Rmd_files/figure-latex
/unnamed-chunk-11-1.pdf  used on input line 531.
(pdftex.def)             Requested size: 469.75067pt x 218.09853pt.
<2023FEB12_Adams-Timon_hw2_sp2023Rmd_files/figure-latex/unnamed-chunk-12-1.pdf,
 id=206, 562.1pt x 277.035pt>
File: 2023FEB12_Adams-Timon_hw2_sp2023Rmd_files/figure-latex/unnamed-chunk-12-1
.pdf Graphic file (type pdf)
<use 2023FEB12_Adams-Timon_hw2_sp2023Rmd_files/figure-latex/unnamed-chunk-12-1.
pdf>
Package pdftex.def Info: 2023FEB12_Adams-Timon_hw2_sp2023Rmd_files/figure-latex
/unnamed-chunk-12-1.pdf  used on input line 546.
(pdftex.def)             Requested size: 469.75067pt x 231.51996pt.
[10 <./2023FEB12_Adams-Timon_hw2_sp2023Rmd_files/figure-latex/unnamed-chunk-11-
1.pdf> <./2023FEB12_Adams-Timon_hw2_sp2023Rmd_files/figure-latex/unnamed-chunk-
12-1.pdf>] [11]
<2023FEB12_Adams-Timon_hw2_sp2023Rmd_files/figure-latex/unnamed-chunk-20-1.pdf,
 id=239, 527.9725pt x 238.8925pt>
File: 2023FEB12_Adams-Timon_hw2_sp2023Rmd_files/figure-latex/unnamed-chunk-20-1
.pdf Graphic file (type pdf)
<use 2023FEB12_Adams-Timon_hw2_sp2023Rmd_files/figure-latex/unnamed-chunk-20-1.
pdf>
Package pdftex.def Info: 2023FEB12_Adams-Timon_hw2_sp2023Rmd_files/figure-latex
/unnamed-chunk-20-1.pdf  used on input line 688.
(pdftex.def)             Requested size: 469.7571pt x 212.55168pt.

Overfull \hbox (265.24284pt too wide) in paragraph at lines 778--778
[]\T1/lmtt/m/n/10 b) Are there good interpretations for PC1 and PC2? (If loadin
gs are all negative, take the positive loadings for the ease of interpretation)
[] 
 []

[12 <./2023FEB12_Adams-Timon_hw2_sp2023Rmd_files/figure-latex/unnamed-chunk-20-
1.pdf>]
<2023FEB12_Adams-Timon_hw2_sp2023Rmd_files/figure-latex/unnamed-chunk-29-1.pdf,
 id=253, 527.9725pt x 238.8925pt>
File: 2023FEB12_Adams-Timon_hw2_sp2023Rmd_files/figure-latex/unnamed-chunk-29-1
.pdf Graphic file (type pdf)
<use 2023FEB12_Adams-Timon_hw2_sp2023Rmd_files/figure-latex/unnamed-chunk-29-1.
pdf>
Package pdftex.def Info: 2023FEB12_Adams-Timon_hw2_sp2023Rmd_files/figure-latex
/unnamed-chunk-29-1.pdf  used on input line 815.
(pdftex.def)             Requested size: 469.7571pt x 212.55168pt.
<2023FEB12_Adams-Timon_hw2_sp2023Rmd_files/figure-latex/unnamed-chunk-32-1.pdf,
 id=254, 526.96875pt x 197.73875pt>
File: 2023FEB12_Adams-Timon_hw2_sp2023Rmd_files/figure-latex/unnamed-chunk-32-1
.pdf Graphic file (type pdf)
<use 2023FEB12_Adams-Timon_hw2_sp2023Rmd_files/figure-latex/unnamed-chunk-32-1.
pdf>
Package pdftex.def Info: 2023FEB12_Adams-Timon_hw2_sp2023Rmd_files/figure-latex
/unnamed-chunk-32-1.pdf  used on input line 841.
(pdftex.def)             Requested size: 469.78067pt x 176.2796pt.
[13 <./2023FEB12_Adams-Timon_hw2_sp2023Rmd_files/figure-latex/unnamed-chunk-29-
1.pdf>]
<2023FEB12_Adams-Timon_hw2_sp2023Rmd_files/figure-latex/unnamed-chunk-33-1.pdf,
 id=267, 545.03625pt x 249.93375pt>
File: 2023FEB12_Adams-Timon_hw2_sp2023Rmd_files/figure-latex/unnamed-chunk-33-1
.pdf Graphic file (type pdf)
<use 2023FEB12_Adams-Timon_hw2_sp2023Rmd_files/figure-latex/unnamed-chunk-33-1.
pdf>
Package pdftex.def Info: 2023FEB12_Adams-Timon_hw2_sp2023Rmd_files/figure-latex
/unnamed-chunk-33-1.pdf  used on input line 857.
(pdftex.def)             Requested size: 469.7533pt x 215.41173pt.

Overfull \hbox (370.24254pt too wide) in paragraph at lines 863--863
[]\T1/lmtt/m/n/10 f) Also plot CPVE (Cumulative Proportion of Variance Explaine
d). What proportion of the variance in the data is explained by the first two p
rincipal components?[] 
 []

<2023FEB12_Adams-Timon_hw2_sp2023Rmd_files/figure-latex/unnamed-chunk-34-1.pdf,
 id=268, 549.05125pt x 249.93375pt>
File: 2023FEB12_Adams-Timon_hw2_sp2023Rmd_files/figure-latex/unnamed-chunk-34-1
.pdf Graphic file (type pdf)
<use 2023FEB12_Adams-Timon_hw2_sp2023Rmd_files/figure-latex/unnamed-chunk-34-1.
pdf>
Package pdftex.def Info: 2023FEB12_Adams-Timon_hw2_sp2023Rmd_files/figure-latex
/unnamed-chunk-34-1.pdf  used on input line 874.
(pdftex.def)             Requested size: 469.77043pt x 213.8443pt.
[14 <./2023FEB12_Adams-Timon_hw2_sp2023Rmd_files/figure-latex/unnamed-chunk-32-
1.pdf> <./2023FEB12_Adams-Timon_hw2_sp2023Rmd_files/figure-latex/unnamed-chunk-
33-1.pdf>]
Overfull \hbox (742.99146pt too wide) in paragraph at lines 881--881
[]\T1/lmtt/m/n/10 g) PC's provide us with a low dimensional view of the self-es
teem scores. Use a biplot with the first two PC\TS1/lmtt/m/n/10 '\T1/lmtt/m/n/1
0 s to display the data.  Give an interpretation of PC1 and PC2 from the plot. 
(try \TS1/lmtt/m/n/10 `\T1/lmtt/m/n/10 ggbiplot\TS1/lmtt/m/n/10 ` \T1/lmtt/m/n/
10 if you could, much prettier!)[] 
 []


Overfull \hbox (123.49326pt too wide) in paragraph at lines 902--902
[]\T1/lmtt/m/n/10 ## Skipping install of \TS1/lmtt/m/n/10 '\T1/lmtt/m/n/10 fact
oextra\TS1/lmtt/m/n/10 ' \T1/lmtt/m/n/10 from a github remote, the SHA1 (1689fc
74) has not changed since last install.[] 
 []


Overfull \hbox (118.24327pt too wide) in paragraph at lines 913--913
[]\T1/lmtt/m/n/10 ## Skipping install of \TS1/lmtt/m/n/10 '\T1/lmtt/m/n/10 ggfo
rtify\TS1/lmtt/m/n/10 ' \T1/lmtt/m/n/10 from a github remote, the SHA1 (58e0266
8) has not changed since last install.[] 
 []

<2023FEB12_Adams-Timon_hw2_sp2023Rmd_files/figure-latex/unnamed-chunk-37-1.pdf,
 id=289, 572.1375pt x 280.04625pt>
File: 2023FEB12_Adams-Timon_hw2_sp2023Rmd_files/figure-latex/unnamed-chunk-37-1
.pdf Graphic file (type pdf)
<use 2023FEB12_Adams-Timon_hw2_sp2023Rmd_files/figure-latex/unnamed-chunk-37-1.
pdf>
Package pdftex.def Info: 2023FEB12_Adams-Timon_hw2_sp2023Rmd_files/figure-latex
/unnamed-chunk-37-1.pdf  used on input line 933.
(pdftex.def)             Requested size: 469.75816pt x 229.93423pt.
[15 <./2023FEB12_Adams-Timon_hw2_sp2023Rmd_files/figure-latex/unnamed-chunk-34-
1.pdf>]
LaTeX Font Info:    Font shape `T1/lmtt/bx/n' in size <10> not available
(Font)              Font shape `T1/lmtt/b/n' tried instead on input line 958.
<2023FEB12_Adams-Timon_hw2_sp2023Rmd_files/figure-latex/unnamed-chunk-38-1.pdf,
 id=303, 532.99126pt x 233.87375pt>
File: 2023FEB12_Adams-Timon_hw2_sp2023Rmd_files/figure-latex/unnamed-chunk-38-1
.pdf Graphic file (type pdf)
<use 2023FEB12_Adams-Timon_hw2_sp2023Rmd_files/figure-latex/unnamed-chunk-38-1.
pdf>
Package pdftex.def Info: 2023FEB12_Adams-Timon_hw2_sp2023Rmd_files/figure-latex
/unnamed-chunk-38-1.pdf  used on input line 974.
(pdftex.def)             Requested size: 469.76572pt x 206.13069pt.
[16 <./2023FEB12_Adams-Timon_hw2_sp2023Rmd_files/figure-latex/unnamed-chunk-37-
1.pdf>]
<2023FEB12_Adams-Timon_hw2_sp2023Rmd_files/figure-latex/unnamed-chunk-39-1.pdf,
 id=318, 572.1375pt x 279.0425pt>
File: 2023FEB12_Adams-Timon_hw2_sp2023Rmd_files/figure-latex/unnamed-chunk-39-1
.pdf Graphic file (type pdf)
<use 2023FEB12_Adams-Timon_hw2_sp2023Rmd_files/figure-latex/unnamed-chunk-39-1.
pdf>
Package pdftex.def Info: 2023FEB12_Adams-Timon_hw2_sp2023Rmd_files/figure-latex
/unnamed-chunk-39-1.pdf  used on input line 983.
(pdftex.def)             Requested size: 469.75816pt x 229.1101pt.
<2023FEB12_Adams-Timon_hw2_sp2023Rmd_files/figure-latex/unnamed-chunk-43-1.pdf,
 id=319, 566.115pt x 280.04625pt>
File: 2023FEB12_Adams-Timon_hw2_sp2023Rmd_files/figure-latex/unnamed-chunk-43-1
.pdf Graphic file (type pdf)
<use 2023FEB12_Adams-Timon_hw2_sp2023Rmd_files/figure-latex/unnamed-chunk-43-1.
pdf>
Package pdftex.def Info: 2023FEB12_Adams-Timon_hw2_sp2023Rmd_files/figure-latex
/unnamed-chunk-43-1.pdf  used on input line 1017.
(pdftex.def)             Requested size: 469.76303pt x 232.38275pt.
[17 <./2023FEB12_Adams-Timon_hw2_sp2023Rmd_files/figure-latex/unnamed-chunk-38-
1.pdf> <./2023FEB12_Adams-Timon_hw2_sp2023Rmd_files/figure-latex/unnamed-chunk-
39-1.pdf>]
<2023FEB12_Adams-Timon_hw2_sp2023Rmd_files/figure-latex/unnamed-chunk-44-1.pdf,
 id=338, 562.1pt x 279.0425pt>
File: 2023FEB12_Adams-Timon_hw2_sp2023Rmd_files/figure-latex/unnamed-chunk-44-1
.pdf Graphic file (type pdf)
<use 2023FEB12_Adams-Timon_hw2_sp2023Rmd_files/figure-latex/unnamed-chunk-44-1.
pdf>
Package pdftex.def Info: 2023FEB12_Adams-Timon_hw2_sp2023Rmd_files/figure-latex
/unnamed-chunk-44-1.pdf  used on input line 1030.
(pdftex.def)             Requested size: 469.75067pt x 233.19763pt.

Underfull \hbox (badness 10000) in paragraph at lines 1030--1034
[][]
 []


Overfull \hbox (322.99268pt too wide) in paragraph at lines 1037--1037
[]\T1/lmtt/m/n/10 c) Can you visualize the clusters with somewhat clear boundar
ies? You may try different pairs of variables and different PC pairs of the est
eem scores.[] 
 []

[18 <./2023FEB12_Adams-Timon_hw2_sp2023Rmd_files/figure-latex/unnamed-chunk-43-
1.pdf> <./2023FEB12_Adams-Timon_hw2_sp2023Rmd_files/figure-latex/unnamed-chunk-
44-1.pdf>]
<2023FEB12_Adams-Timon_hw2_sp2023Rmd_files/figure-latex/unnamed-chunk-45-1.pdf,
 id=360, 562.1pt x 277.035pt>
File: 2023FEB12_Adams-Timon_hw2_sp2023Rmd_files/figure-latex/unnamed-chunk-45-1
.pdf Graphic file (type pdf)
<use 2023FEB12_Adams-Timon_hw2_sp2023Rmd_files/figure-latex/unnamed-chunk-45-1.
pdf>
Package pdftex.def Info: 2023FEB12_Adams-Timon_hw2_sp2023Rmd_files/figure-latex
/unnamed-chunk-45-1.pdf  used on input line 1053.
(pdftex.def)             Requested size: 469.75067pt x 231.51996pt.
<2023FEB12_Adams-Timon_hw2_sp2023Rmd_files/figure-latex/unnamed-chunk-46-1.pdf,
 id=361, 562.1pt x 277.035pt>
File: 2023FEB12_Adams-Timon_hw2_sp2023Rmd_files/figure-latex/unnamed-chunk-46-1
.pdf Graphic file (type pdf)
<use 2023FEB12_Adams-Timon_hw2_sp2023Rmd_files/figure-latex/unnamed-chunk-46-1.
pdf>
Package pdftex.def Info: 2023FEB12_Adams-Timon_hw2_sp2023Rmd_files/figure-latex
/unnamed-chunk-46-1.pdf  used on input line 1069.
(pdftex.def)             Requested size: 469.75067pt x 231.51996pt.
[19 <./2023FEB12_Adams-Timon_hw2_sp2023Rmd_files/figure-latex/unnamed-chunk-45-
1.pdf>]
<2023FEB12_Adams-Timon_hw2_sp2023Rmd_files/figure-latex/unnamed-chunk-47-1.pdf,
 id=374, 562.1pt x 277.035pt>
File: 2023FEB12_Adams-Timon_hw2_sp2023Rmd_files/figure-latex/unnamed-chunk-47-1
.pdf Graphic file (type pdf)
<use 2023FEB12_Adams-Timon_hw2_sp2023Rmd_files/figure-latex/unnamed-chunk-47-1.
pdf>
Package pdftex.def Info: 2023FEB12_Adams-Timon_hw2_sp2023Rmd_files/figure-latex
/unnamed-chunk-47-1.pdf  used on input line 1085.
(pdftex.def)             Requested size: 469.75067pt x 231.51996pt.

Underfull \vbox (badness 10000) detected at line 1099
 []

[20 <./2023FEB12_Adams-Timon_hw2_sp2023Rmd_files/figure-latex/unnamed-chunk-46-
1.pdf> <./2023FEB12_Adams-Timon_hw2_sp2023Rmd_files/figure-latex/unnamed-chunk-
47-1.pdf>]
<2023FEB12_Adams-Timon_hw2_sp2023Rmd_files/figure-latex/unnamed-chunk-48-1.pdf,
 id=393, 562.1pt x 277.035pt>
File: 2023FEB12_Adams-Timon_hw2_sp2023Rmd_files/figure-latex/unnamed-chunk-48-1
.pdf Graphic file (type pdf)
<use 2023FEB12_Adams-Timon_hw2_sp2023Rmd_files/figure-latex/unnamed-chunk-48-1.
pdf>
Package pdftex.def Info: 2023FEB12_Adams-Timon_hw2_sp2023Rmd_files/figure-latex
/unnamed-chunk-48-1.pdf  used on input line 1101.
(pdftex.def)             Requested size: 469.75067pt x 231.51996pt.
<2023FEB12_Adams-Timon_hw2_sp2023Rmd_files/figure-latex/unnamed-chunk-49-1.pdf,
 id=394, 562.1pt x 279.0425pt>
File: 2023FEB12_Adams-Timon_hw2_sp2023Rmd_files/figure-latex/unnamed-chunk-49-1
.pdf Graphic file (type pdf)
<use 2023FEB12_Adams-Timon_hw2_sp2023Rmd_files/figure-latex/unnamed-chunk-49-1.
pdf>
Package pdftex.def Info: 2023FEB12_Adams-Timon_hw2_sp2023Rmd_files/figure-latex
/unnamed-chunk-49-1.pdf  used on input line 1114.
(pdftex.def)             Requested size: 469.75067pt x 233.19763pt.
[21 <./2023FEB12_Adams-Timon_hw2_sp2023Rmd_files/figure-latex/unnamed-chunk-48-
1.pdf> <./2023FEB12_Adams-Timon_hw2_sp2023Rmd_files/figure-latex/unnamed-chunk-
49-1.pdf>]
<2023FEB12_Adams-Timon_hw2_sp2023Rmd_files/figure-latex/unnamed-chunk-50-1.pdf,
 id=413, 562.1pt x 279.0425pt>
File: 2023FEB12_Adams-Timon_hw2_sp2023Rmd_files/figure-latex/unnamed-chunk-50-1
.pdf Graphic file (type pdf)
<use 2023FEB12_Adams-Timon_hw2_sp2023Rmd_files/figure-latex/unnamed-chunk-50-1.
pdf>
Package pdftex.def Info: 2023FEB12_Adams-Timon_hw2_sp2023Rmd_files/figure-latex
/unnamed-chunk-50-1.pdf  used on input line 1127.
(pdftex.def)             Requested size: 469.75067pt x 233.19763pt.

Overfull \hbox (1724.7386pt too wide) in paragraph at lines 1153--1153
[]  \T1/lmtt/m/n/10 - Personal information: gender, education (05), log(income)
 in 87, job type in 87. Weight05 (lb) and HeightFeet05 together with Heightinch
05. One way to summarize one\TS1/lmtt/m/n/10 '\T1/lmtt/m/n/10 s weight and heig
ht is via Body Mass Index which is defined as the body mass divided by the squa
re of the body height, and is universally expressed in units of kg/m\TS1/lmtt/m
/n/10 ²\T1/lmtt/m/n/10 . Note, you need to create BMI first. Then may include i
t as one possible predictor.[] 
 []


Overfull \hbox (401.74245pt too wide) in paragraph at lines 1170--1170
[]  \T1/lmtt/m/n/10 - Household environment: Imagazine, Inewspaper, Ilibrary, M
otherEd, FatherEd, FamilyIncome78. Do set indicators \TS1/lmtt/m/n/10 `\T1/lmtt
/m/n/10 Imagazine\TS1/lmtt/m/n/10 `\T1/lmtt/m/n/10 , \TS1/lmtt/m/n/10 `\T1/lmtt
/m/n/10 Inewspaper\TS1/lmtt/m/n/10 ` \T1/lmtt/m/n/10 and \TS1/lmtt/m/n/10 `\T1/
lmtt/m/n/10 Ilibrary\TS1/lmtt/m/n/10 ` \T1/lmtt/m/n/10 as factors.[] 
 []

[22 <./2023FEB12_Adams-Timon_hw2_sp2023Rmd_files/figure-latex/unnamed-chunk-50-
1.pdf>]
<2023FEB12_Adams-Timon_hw2_sp2023Rmd_files/figure-latex/unnamed-chunk-58-1.pdf,
 id=426, 545.03625pt x 249.93375pt>
File: 2023FEB12_Adams-Timon_hw2_sp2023Rmd_files/figure-latex/unnamed-chunk-58-1
.pdf Graphic file (type pdf)
<use 2023FEB12_Adams-Timon_hw2_sp2023Rmd_files/figure-latex/unnamed-chunk-58-1.
pdf>
Package pdftex.def Info: 2023FEB12_Adams-Timon_hw2_sp2023Rmd_files/figure-latex
/unnamed-chunk-58-1.pdf  used on input line 1252.
(pdftex.def)             Requested size: 469.7533pt x 215.41173pt.
[23]
<2023FEB12_Adams-Timon_hw2_sp2023Rmd_files/figure-latex/unnamed-chunk-59-1.pdf,
 id=432, 572.1375pt x 280.04625pt>
File: 2023FEB12_Adams-Timon_hw2_sp2023Rmd_files/figure-latex/unnamed-chunk-59-1
.pdf Graphic file (type pdf)
<use 2023FEB12_Adams-Timon_hw2_sp2023Rmd_files/figure-latex/unnamed-chunk-59-1.
pdf>
Package pdftex.def Info: 2023FEB12_Adams-Timon_hw2_sp2023Rmd_files/figure-latex
/unnamed-chunk-59-1.pdf  used on input line 1260.
(pdftex.def)             Requested size: 469.75816pt x 229.93423pt.
<2023FEB12_Adams-Timon_hw2_sp2023Rmd_files/figure-latex/unnamed-chunk-60-1.pdf,
 id=433, 568.1225pt x 277.035pt>
File: 2023FEB12_Adams-Timon_hw2_sp2023Rmd_files/figure-latex/unnamed-chunk-60-1
.pdf Graphic file (type pdf)
<use 2023FEB12_Adams-Timon_hw2_sp2023Rmd_files/figure-latex/unnamed-chunk-60-1.
pdf>
Package pdftex.def Info: 2023FEB12_Adams-Timon_hw2_sp2023Rmd_files/figure-latex
/unnamed-chunk-60-1.pdf  used on input line 1274.
(pdftex.def)             Requested size: 469.7731pt x 229.07663pt.
[24 <./2023FEB12_Adams-Timon_hw2_sp2023Rmd_files/figure-latex/unnamed-chunk-58-
1.pdf> <./2023FEB12_Adams-Timon_hw2_sp2023Rmd_files/figure-latex/unnamed-chunk-
59-1.pdf>]
Overfull \hbox (343.99261pt too wide) in paragraph at lines 1298--1298
[]\T1/lmtt/m/n/10 b)   Run a few regression models between PC1 of all the estee
m scores and suitable variables listed in a). Find a final best model with your
 own criterion.[] 
 []

[25 <./2023FEB12_Adams-Timon_hw2_sp2023Rmd_files/figure-latex/unnamed-chunk-60-
1.pdf>]
Overfull \hbox (391.24248pt too wide) in paragraph at lines 1399--1399
[]\T1/lmtt/m/n/10 - Household environment: Imagazine, Inewspaper, Ilibrary, Mot
herEd, FatherEd, FamilyIncome78. Do set indicators \TS1/lmtt/m/n/10 `\T1/lmtt/m
/n/10 Imagazine\TS1/lmtt/m/n/10 `\T1/lmtt/m/n/10 , \TS1/lmtt/m/n/10 `\T1/lmtt/m
/n/10 Inewspaper\TS1/lmtt/m/n/10 ` \T1/lmtt/m/n/10 and \TS1/lmtt/m/n/10 `\T1/lm
tt/m/n/10 Ilibrary\TS1/lmtt/m/n/10 ` \T1/lmtt/m/n/10 as factors.[] 
 []

[26]
Overfull \hbox (139.24321pt too wide) in paragraph at lines 1492--1492
[]  \T1/lmtt/m/n/10 - How did you land on this model? Run a model diagnosis to 
see if the linear model assumptions are reasonably met.[] 
 []

<2023FEB12_Adams-Timon_hw2_sp2023Rmd_files/figure-latex/unnamed-chunk-80-1.pdf,
 id=471, 546.04pt x 247.92625pt>
File: 2023FEB12_Adams-Timon_hw2_sp2023Rmd_files/figure-latex/unnamed-chunk-80-1
.pdf Graphic file (type pdf)
<use 2023FEB12_Adams-Timon_hw2_sp2023Rmd_files/figure-latex/unnamed-chunk-80-1.
pdf>
Package pdftex.def Info: 2023FEB12_Adams-Timon_hw2_sp2023Rmd_files/figure-latex
/unnamed-chunk-80-1.pdf  used on input line 1510.
(pdftex.def)             Requested size: 469.76022pt x 213.29185pt.
[27]
<2023FEB12_Adams-Timon_hw2_sp2023Rmd_files/figure-latex/unnamed-chunk-81-1.pdf,
 id=476, 549.05125pt x 249.93375pt>
File: 2023FEB12_Adams-Timon_hw2_sp2023Rmd_files/figure-latex/unnamed-chunk-81-1
.pdf Graphic file (type pdf)
<use 2023FEB12_Adams-Timon_hw2_sp2023Rmd_files/figure-latex/unnamed-chunk-81-1.
pdf>
Package pdftex.def Info: 2023FEB12_Adams-Timon_hw2_sp2023Rmd_files/figure-latex
/unnamed-chunk-81-1.pdf  used on input line 1526.
(pdftex.def)             Requested size: 469.77043pt x 213.8443pt.

Overfull \hbox (191.74306pt too wide) in paragraph at lines 1540--1540
[]  \T1/lmtt/m/n/10 - Write a summary of your findings. In particular, explain 
what and how the variables in the model affect one\TS1/lmtt/m/n/10 '\T1/lmtt/m/
n/10 s self-esteem.[] 
 []

[28 <./2023FEB12_Adams-Timon_hw2_sp2023Rmd_files/figure-latex/unnamed-chunk-80-
1.pdf> <./2023FEB12_Adams-Timon_hw2_sp2023Rmd_files/figure-latex/unnamed-chunk-
81-1.pdf>]
Overfull \hbox (81.49338pt too wide) in paragraph at lines 1626--1627
[]\T1/lmtt/m/n/10 {rmessage=FALSE, warning=FALSE, results=\TS1/lmtt/m/n/10 '\T1
/lmtt/m/n/10 asis\TS1/lmtt/m/n/10 '\T1/lmtt/m/n/10 , echo=FALSE} kable(data.fra
me(t(summary((brca_subtype)))),
 []

<2023FEB12_Adams-Timon_hw2_sp2023Rmd_files/figure-latex/unnamed-chunk-83-1.pdf,
 id=500, 861.2175pt x 710.655pt>
File: 2023FEB12_Adams-Timon_hw2_sp2023Rmd_files/figure-latex/unnamed-chunk-83-1
.pdf Graphic file (type pdf)
<use 2023FEB12_Adams-Timon_hw2_sp2023Rmd_files/figure-latex/unnamed-chunk-83-1.
pdf>
Package pdftex.def Info: 2023FEB12_Adams-Timon_hw2_sp2023Rmd_files/figure-latex
/unnamed-chunk-83-1.pdf  used on input line 1640.
(pdftex.def)             Requested size: 469.76817pt x 387.64087pt.
[29]
<2023FEB12_Adams-Timon_hw2_sp2023Rmd_files/figure-latex/centered and scaled-1.p
df, id=510, 572.1375pt x 280.04625pt>
File: 2023FEB12_Adams-Timon_hw2_sp2023Rmd_files/figure-latex/centered and scale
d-1.pdf Graphic file (type pdf)
<use 2023FEB12_Adams-Timon_hw2_sp2023Rmd_files/figure-latex/centered and scaled
-1.pdf>
Package pdftex.def Info: 2023FEB12_Adams-Timon_hw2_sp2023Rmd_files/figure-latex
/centered and scaled-1.pdf  used on input line 1694.
(pdftex.def)             Requested size: 469.75816pt x 229.93423pt.
<2023FEB12_Adams-Timon_hw2_sp2023Rmd_files/figure-latex/centered and scaled-2.p
df, id=511, 572.1375pt x 280.04625pt>
File: 2023FEB12_Adams-Timon_hw2_sp2023Rmd_files/figure-latex/centered and scale
d-2.pdf Graphic file (type pdf)
<use 2023FEB12_Adams-Timon_hw2_sp2023Rmd_files/figure-latex/centered and scaled
-2.pdf>
Package pdftex.def Info: 2023FEB12_Adams-Timon_hw2_sp2023Rmd_files/figure-latex
/centered and scaled-2.pdf  used on input line 1695.
(pdftex.def)             Requested size: 469.75816pt x 229.93423pt.

Overfull \hbox (330.36185pt too wide) in paragraph at lines 1692--1696
[]\T1/lmr/m/n/10 (-20) Will use 2 PCs for the cen-tered and scaled and 4 for th
e cen-tered but not scaled []
 []

[30 <./2023FEB12_Adams-Timon_hw2_sp2023Rmd_files/figure-latex/unnamed-chunk-83-
1.pdf>]
<2023FEB12_Adams-Timon_hw2_sp2023Rmd_files/figure-latex/unnamed-chunk-86-1.pdf,
 id=528, 851.18pt x 710.655pt>
File: 2023FEB12_Adams-Timon_hw2_sp2023Rmd_files/figure-latex/unnamed-chunk-86-1
.pdf Graphic file (type pdf)
<use 2023FEB12_Adams-Timon_hw2_sp2023Rmd_files/figure-latex/unnamed-chunk-86-1.
pdf>
Package pdftex.def Info: 2023FEB12_Adams-Timon_hw2_sp2023Rmd_files/figure-latex
/unnamed-chunk-86-1.pdf  used on input line 1710.
(pdftex.def)             Requested size: 469.76094pt x 392.20607pt.
[31 <./2023FEB12_Adams-Timon_hw2_sp2023Rmd_files/figure-latex/centered and scal
ed-1.pdf> <./2023FEB12_Adams-Timon_hw2_sp2023Rmd_files/figure-latex/centered an
d scaled-2.pdf>]
<2023FEB12_Adams-Timon_hw2_sp2023Rmd_files/figure-latex/unnamed-chunk-88-1.pdf,
 id=549, 851.18pt x 710.655pt>
File: 2023FEB12_Adams-Timon_hw2_sp2023Rmd_files/figure-latex/unnamed-chunk-88-1
.pdf Graphic file (type pdf)
<use 2023FEB12_Adams-Timon_hw2_sp2023Rmd_files/figure-latex/unnamed-chunk-88-1.
pdf>
Package pdftex.def Info: 2023FEB12_Adams-Timon_hw2_sp2023Rmd_files/figure-latex
/unnamed-chunk-88-1.pdf  used on input line 1735.
(pdftex.def)             Requested size: 469.76094pt x 392.20607pt.
[32 <./2023FEB12_Adams-Timon_hw2_sp2023Rmd_files/figure-latex/unnamed-chunk-86-
1.pdf>]
<2023FEB12_Adams-Timon_hw2_sp2023Rmd_files/figure-latex/unnamed-chunk-89-1.pdf,
 id=564, 861.2175pt x 712.6625pt>
File: 2023FEB12_Adams-Timon_hw2_sp2023Rmd_files/figure-latex/unnamed-chunk-89-1
.pdf Graphic file (type pdf)
<use 2023FEB12_Adams-Timon_hw2_sp2023Rmd_files/figure-latex/unnamed-chunk-89-1.
pdf>
Package pdftex.def Info: 2023FEB12_Adams-Timon_hw2_sp2023Rmd_files/figure-latex
/unnamed-chunk-89-1.pdf  used on input line 1747.
(pdftex.def)             Requested size: 469.76817pt x 388.73592pt.
[33 <./2023FEB12_Adams-Timon_hw2_sp2023Rmd_files/figure-latex/unnamed-chunk-88-
1.pdf>]
<2023FEB12_Adams-Timon_hw2_sp2023Rmd_files/figure-latex/unnamed-chunk-90-1.pdf,
 id=577, 851.18pt x 710.655pt>
File: 2023FEB12_Adams-Timon_hw2_sp2023Rmd_files/figure-latex/unnamed-chunk-90-1
.pdf Graphic file (type pdf)
<use 2023FEB12_Adams-Timon_hw2_sp2023Rmd_files/figure-latex/unnamed-chunk-90-1.
pdf>
Package pdftex.def Info: 2023FEB12_Adams-Timon_hw2_sp2023Rmd_files/figure-latex
/unnamed-chunk-90-1.pdf  used on input line 1749.
(pdftex.def)             Requested size: 469.76094pt x 392.20607pt.
[34 <./2023FEB12_Adams-Timon_hw2_sp2023Rmd_files/figure-latex/unnamed-chunk-89-
1.pdf>]
<2023FEB12_Adams-Timon_hw2_sp2023Rmd_files/figure-latex/unnamed-chunk-91-1.pdf,
 id=590, 851.18pt x 710.655pt>
File: 2023FEB12_Adams-Timon_hw2_sp2023Rmd_files/figure-latex/unnamed-chunk-91-1
.pdf Graphic file (type pdf)
<use 2023FEB12_Adams-Timon_hw2_sp2023Rmd_files/figure-latex/unnamed-chunk-91-1.
pdf>
Package pdftex.def Info: 2023FEB12_Adams-Timon_hw2_sp2023Rmd_files/figure-latex
/unnamed-chunk-91-1.pdf  used on input line 1765.
(pdftex.def)             Requested size: 469.76094pt x 392.20607pt.
[35 <./2023FEB12_Adams-Timon_hw2_sp2023Rmd_files/figure-latex/unnamed-chunk-90-
1.pdf>] [36 <./2023FEB12_Adams-Timon_hw2_sp2023Rmd_files/figure-latex/unnamed-c
hunk-91-1.pdf>]
<2023FEB12_Adams-Timon_hw2_sp2023Rmd_files/figure-latex/unnamed-chunk-93-1.pdf,
 id=617, 817.0525pt x 681.54625pt>
File: 2023FEB12_Adams-Timon_hw2_sp2023Rmd_files/figure-latex/unnamed-chunk-93-1
.pdf Graphic file (type pdf)
<use 2023FEB12_Adams-Timon_hw2_sp2023Rmd_files/figure-latex/unnamed-chunk-93-1.
pdf>
Package pdftex.def Info: 2023FEB12_Adams-Timon_hw2_sp2023Rmd_files/figure-latex
/unnamed-chunk-93-1.pdf  used on input line 1813.
(pdftex.def)             Requested size: 469.76414pt x 391.85486pt.
<2023FEB12_Adams-Timon_hw2_sp2023Rmd_files/figure-latex/unnamed-chunk-94-1.pdf,
 id=618, 859.21pt x 710.655pt>
File: 2023FEB12_Adams-Timon_hw2_sp2023Rmd_files/figure-latex/unnamed-chunk-94-1
.pdf Graphic file (type pdf)
<use 2023FEB12_Adams-Timon_hw2_sp2023Rmd_files/figure-latex/unnamed-chunk-94-1.
pdf>
Package pdftex.def Info: 2023FEB12_Adams-Timon_hw2_sp2023Rmd_files/figure-latex
/unnamed-chunk-94-1.pdf  used on input line 1815.
(pdftex.def)             Requested size: 469.76132pt x 388.5409pt.
[37 <./2023FEB12_Adams-Timon_hw2_sp2023Rmd_files/figure-latex/unnamed-chunk-93-
1.pdf>]
LaTeX Font Info:    Font shape `T1/lmtt/bx/n' in size <12> not available
(Font)              Font shape `T1/lmtt/b/n' tried instead on input line 1819.
[38 <./2023FEB12_Adams-Timon_hw2_sp2023Rmd_files/figure-latex/unnamed-chunk-94-
1.pdf>] [39] [40] [41]
<2023FEB12_Adams-Timon_hw2_sp2023Rmd_files/figure-latex/unnamed-chunk-104-1.pdf
, id=682, 566.115pt x 277.035pt>
File: 2023FEB12_Adams-Timon_hw2_sp2023Rmd_files/figure-latex/unnamed-chunk-104-
1.pdf Graphic file (type pdf)
<use 2023FEB12_Adams-Timon_hw2_sp2023Rmd_files/figure-latex/unnamed-chunk-104-1
.pdf>
Package pdftex.def Info: 2023FEB12_Adams-Timon_hw2_sp2023Rmd_files/figure-latex
/unnamed-chunk-104-1.pdf  used on input line 2140.
(pdftex.def)             Requested size: 469.76303pt x 229.88403pt.
[42 <./2023FEB12_Adams-Timon_hw2_sp2023Rmd_files/figure-latex/unnamed-chunk-104
-1.pdf>]
<2023FEB12_Adams-Timon_hw2_sp2023Rmd_files/figure-latex/unnamed-chunk-106-1.pdf
, id=698, 566.115pt x 277.035pt>
File: 2023FEB12_Adams-Timon_hw2_sp2023Rmd_files/figure-latex/unnamed-chunk-106-
1.pdf Graphic file (type pdf)
<use 2023FEB12_Adams-Timon_hw2_sp2023Rmd_files/figure-latex/unnamed-chunk-106-1
.pdf>
Package pdftex.def Info: 2023FEB12_Adams-Timon_hw2_sp2023Rmd_files/figure-latex
/unnamed-chunk-106-1.pdf  used on input line 2228.
(pdftex.def)             Requested size: 469.76303pt x 229.88403pt.
<2023FEB12_Adams-Timon_hw2_sp2023Rmd_files/figure-latex/unnamed-chunk-107-1.pdf
, id=699, 546.04pt x 247.92625pt>
File: 2023FEB12_Adams-Timon_hw2_sp2023Rmd_files/figure-latex/unnamed-chunk-107-
1.pdf Graphic file (type pdf)
<use 2023FEB12_Adams-Timon_hw2_sp2023Rmd_files/figure-latex/unnamed-chunk-107-1
.pdf>
Package pdftex.def Info: 2023FEB12_Adams-Timon_hw2_sp2023Rmd_files/figure-latex
/unnamed-chunk-107-1.pdf  used on input line 2250.
(pdftex.def)             Requested size: 469.76022pt x 213.29185pt.
[43 <./2023FEB12_Adams-Timon_hw2_sp2023Rmd_files/figure-latex/unnamed-chunk-106
-1.pdf>]
<2023FEB12_Adams-Timon_hw2_sp2023Rmd_files/figure-latex/unnamed-chunk-108-1.pdf
, id=719, 549.05125pt x 249.93375pt>
File: 2023FEB12_Adams-Timon_hw2_sp2023Rmd_files/figure-latex/unnamed-chunk-108-
1.pdf Graphic file (type pdf)
<use 2023FEB12_Adams-Timon_hw2_sp2023Rmd_files/figure-latex/unnamed-chunk-108-1
.pdf>
Package pdftex.def Info: 2023FEB12_Adams-Timon_hw2_sp2023Rmd_files/figure-latex
/unnamed-chunk-108-1.pdf  used on input line 2267.
(pdftex.def)             Requested size: 469.77043pt x 213.8443pt.
<2023FEB12_Adams-Timon_hw2_sp2023Rmd_files/figure-latex/unnamed-chunk-109-1.pdf
, id=720, 568.1225pt x 277.035pt>
File: 2023FEB12_Adams-Timon_hw2_sp2023Rmd_files/figure-latex/unnamed-chunk-109-
1.pdf Graphic file (type pdf)
<use 2023FEB12_Adams-Timon_hw2_sp2023Rmd_files/figure-latex/unnamed-chunk-109-1
.pdf>
Package pdftex.def Info: 2023FEB12_Adams-Timon_hw2_sp2023Rmd_files/figure-latex
/unnamed-chunk-109-1.pdf  used on input line 2292.
(pdftex.def)             Requested size: 469.7731pt x 229.07663pt.
[44 <./2023FEB12_Adams-Timon_hw2_sp2023Rmd_files/figure-latex/unnamed-chunk-107
-1.pdf> <./2023FEB12_Adams-Timon_hw2_sp2023Rmd_files/figure-latex/unnamed-chunk
-108-1.pdf>] [45 <./2023FEB12_Adams-Timon_hw2_sp2023Rmd_files/figure-latex/unna
med-chunk-109-1.pdf>]
<2023FEB12_Adams-Timon_hw2_sp2023Rmd_files/figure-latex/unnamed-chunk-115-1.pdf
, id=755, 545.03625pt x 246.9225pt>
File: 2023FEB12_Adams-Timon_hw2_sp2023Rmd_files/figure-latex/unnamed-chunk-115-
1.pdf Graphic file (type pdf)
<use 2023FEB12_Adams-Timon_hw2_sp2023Rmd_files/figure-latex/unnamed-chunk-115-1
.pdf>
Package pdftex.def Info: 2023FEB12_Adams-Timon_hw2_sp2023Rmd_files/figure-latex
/unnamed-chunk-115-1.pdf  used on input line 2422.
(pdftex.def)             Requested size: 469.7533pt x 212.81639pt.
[46] [47 <./2023FEB12_Adams-Timon_hw2_sp2023Rmd_files/figure-latex/unnamed-chun
k-115-1.pdf>] (./2023FEB12_Adams-Timon_hw2_sp2023Rmd.aux)

LaTeX Warning: There were multiply-defined labels.

 ) 
Here is how much of TeX's memory you used:
 14481 strings out of 478994
 233658 string characters out of 5858184
 581049 words of memory out of 5000000
 31342 multiletter control sequences out of 15000+600000
 473675 words of font info for 163 fonts, out of 8000000 for 9000
 1141 hyphenation exceptions out of 8191
 85i,16n,88p,761b,477s stack positions out of 5000i,500n,10000p,200000b,80000s
{/usr/local/texlive/2021/texmf-dist/fonts/enc/dvips/lm/lm-mathit.enc}{/usr/lo
cal/texlive/2021/texmf-dist/fonts/enc/dvips/lm/lm-rm.enc}{/usr/local/texlive/20
21/texmf-dist/fonts/enc/dvips/lm/lm-mathsy.enc}{/usr/local/texlive/2021/texmf-d
ist/fonts/enc/dvips/lm/lm-ec.enc}{/usr/local/texlive/2021/texmf-dist/fonts/enc/
dvips/lm/lm-ts1.enc}</usr/local/texlive/2021/texmf-dist/fonts/type1/public/lm/l
mbx10.pfb></usr/local/texlive/2021/texmf-dist/fonts/type1/public/lm/lmbx12.pfb>
</usr/local/texlive/2021/texmf-dist/fonts/type1/public/lm/lmmi10.pfb></usr/loca
l/texlive/2021/texmf-dist/fonts/type1/public/lm/lmmi7.pfb></usr/local/texlive/2
021/texmf-dist/fonts/type1/public/lm/lmmib10.pfb></usr/local/texlive/2021/texmf
-dist/fonts/type1/public/lm/lmr10.pfb></usr/local/texlive/2021/texmf-dist/fonts
/type1/public/lm/lmr12.pfb></usr/local/texlive/2021/texmf-dist/fonts/type1/publ
ic/lm/lmr17.pfb></usr/local/texlive/2021/texmf-dist/fonts/type1/public/lm/lmr7.
pfb></usr/local/texlive/2021/texmf-dist/fonts/type1/public/lm/lmri10.pfb></usr/
local/texlive/2021/texmf-dist/fonts/type1/public/lm/lmsy10.pfb></usr/local/texl
ive/2021/texmf-dist/fonts/type1/public/lm/lmsy7.pfb></usr/local/texlive/2021/te
xmf-dist/fonts/type1/public/lm/lmtk10.pfb></usr/local/texlive/2021/texmf-dist/f
onts/type1/public/lm/lmtt10.pfb></usr/local/texlive/2021/texmf-dist/fonts/type1
/public/lm/lmtti10.pfb>
Output written on 2023FEB12_Adams-Timon_hw2_sp2023Rmd.pdf (47 pages, 11285763 b
ytes).
PDF statistics:
 941 PDF objects out of 1000 (max. 8388607)
 722 compressed objects within 8 object streams
 145 named destinations out of 1000 (max. 500000)
 37302 words of extra memory for PDF output out of 42996 (max. 10000000)

